ExtractInsights — programmingzombie
  대상: 173 파일
  출력: Blog/programmingzombie/insights/{slug}-insight.md

  [ok] 2018-01-21-66-insight.md (3,529 bytes)
  [ok] 2019-06-27-80-insight.md (2,938 bytes)
  [ok] 2020-01-11-87-insight.md (2,766 bytes)
  [ok] 2020-01-11-88-insight.md (4,165 bytes)
  [ok] 2020-01-15-89-insight.md (2,753 bytes)
  [ok] 2020-02-12-90-insight.md (2,532 bytes)
  [ok] 2020-09-02-92-insight.md (5,384 bytes)
  [ok] 2020-12-13-93-insight.md (4,852 bytes)
  [ok] 2021-01-29-96-insight.md (3,034 bytes)
  [ok] 2021-05-14-98-insight.md (5,922 bytes)
  [ok] 2021-07-21-100-insight.md (2,715 bytes)
  [ok] 2022-02-28-103-insight.md (4,288 bytes)
  [ok] 2023-08-21-113-insight.md (3,457 bytes)
  [ok] 2023-09-06-118-insight.md (3,234 bytes)
  [ok] 2025-01-22-160-insight.md (5,215 bytes)
  [ok] 2025-08-24-177-insight.md (5,358 bytes)
  [ok] 2016-01-22-12-insight.md (1,535 bytes)
  [ok] 2016-01-23-13-insight.md (3,174 bytes)
  [ok] 2016-03-23-25-insight.md (2,181 bytes)
  [ok] 2016-07-05-44-insight.md (4,876 bytes)
  [ok] 2016-08-02-47-insight.md (2,240 bytes)
  [ok] 2017-06-16-57-insight.md (4,285 bytes)
  [ok] 2017-11-20-63-insight.md (6,173 bytes)
  [ok] 2017-12-30-65-insight.md (8,580 bytes)
  [ok] 2018-02-13-67-insight.md (4,352 bytes)
  [ok] 2018-02-18-68-insight.md (4,879 bytes)
  [ok] 2018-02-24-69-insight.md (4,422 bytes)
  [ok] 2018-10-04-74-insight.md (7,662 bytes)
  [ok] 2018-12-31-76-insight.md (7,784 bytes)
  [ok] 2019-07-10-81-insight.md (6,127 bytes)
  [ok] 2019-07-10-82-insight.md (3,732 bytes)
  [ok] 2020-07-21-91-insight.md (4,959 bytes)
  [ok] 2021-02-22-97-insight.md (3,393 bytes)
  [ok] 2022-08-29-105-insight.md (5,472 bytes)
  [ok] 2023-08-01-110-insight.md (4,280 bytes)
  [ok] 2024-02-06-132-insight.md (7,951 bytes)
  [ok] 2025-01-01-158-insight.md (8,799 bytes)
  [ok] 2025-12-18-180-insight.md (7,065 bytes)
  [ok] 2026-02-21-184-insight.md (4,585 bytes)
  [ok] 2023-10-16-121-insight.md (5,430 bytes)
  [ok] 2023-12-09-127-insight.md (9,457 bytes)
  [ok] 2024-01-03-130-insight.md (9,949 bytes)
  [ok] 2024-02-17-135-insight.md (5,279 bytes)
  [ok] 2024-07-03-140-insight.md (5,023 bytes)
  [ok] 2024-09-03-149-insight.md (6,756 bytes)
  [ok] 2024-11-08-152-insight.md (5,302 bytes)
  [ok] 2024-11-15-153-insight.md (2,784 bytes)
  [ok] 2024-11-17-154-insight.md (3,856 bytes)
  [ok] 2024-12-30-157-insight.md (5,270 bytes)
  [ok] 2025-02-21-163-insight.md (5,589 bytes)
  [ok] 2025-07-02-173-insight.md (4,993 bytes)
  [ok] 2025-07-28-174-insight.md (7,008 bytes)
  [ok] 2025-08-06-175-insight.md (4,739 bytes)
  [ok] 2021-07-22-101-insight.md (8,085 bytes)
  [ok] 2023-02-07-106-insight.md (8,229 bytes)
  [ok] 2024-09-23-151-insight.md (4,486 bytes)
  [ok] 2024-07-29-144-insight.md (5,441 bytes)
  [ok] 2025-04-21-169-insight.md (4,907 bytes)
  [ok] 2016-03-23-26-insight.md (6,434 bytes)
  [ok] 2019-03-21-79-insight.md (5,552 bytes)
  [ok] 2023-11-29-126-insight.md (4,087 bytes)
  [ok] 2024-03-15-137-insight.md (4,116 bytes)
  [ok] 2017-10-19-62-insight.md (6,794 bytes)
  [ok] 2023-07-14-107-insight.md (4,036 bytes)
  [ok] 2023-10-29-123-insight.md (6,985 bytes)
  [ok] 2023-11-25-124-insight.md (6,133 bytes)
  [ok] 2023-12-13-128-insight.md (6,085 bytes)
  [ok] 2023-12-31-129-insight.md (6,292 bytes)
  [ok] 2024-01-24-131-insight.md (6,774 bytes)
  [ok] 2024-07-05-141-insight.md (6,395 bytes)
  [ok] 2024-08-06-145-insight.md (6,172 bytes)
  [ok] 2024-08-22-147-insight.md (3,582 bytes)
  [ok] 2024-09-12-150-insight.md (4,545 bytes)
  [ok] 2024-12-17-156-insight.md (4,672 bytes)
  [ok] 2025-02-09-161-insight.md (5,002 bytes)
  [ok] 2025-03-31-166-insight.md (3,830 bytes)
  [ok] 2025-06-11-172-insight.md (4,407 bytes)
  [ok] 2025-08-20-176-insight.md (4,329 bytes)
  [ok] 2025-10-20-179-insight.md (4,632 bytes)
  [ok] 2025-12-25-181-insight.md (4,908 bytes)
  [ok] 2026-01-15-182-insight.md (4,300 bytes)
  [ok] 2015-11-18-1-insight.md (5,548 bytes)
  [ok] 2015-12-02-3-insight.md (4,461 bytes)
  [ok] 2015-12-15-7-insight.md (1,977 bytes)
  [ok] 2015-12-22-8-insight.md (2,819 bytes)
  [ok] 2016-02-11-15-insight.md (3,549 bytes)
  [ok] 2016-02-15-18-insight.md (2,828 bytes)
  [ok] 2016-03-02-19-insight.md (4,168 bytes)
  [ok] 2016-03-02-20-insight.md (6,171 bytes)
  [ok] 2016-03-04-21-insight.md (4,929 bytes)
  [ok] 2016-03-10-23-insight.md (6,262 bytes)
  [ok] 2016-04-06-27-insight.md (4,207 bytes)
  [ok] 2016-04-11-28-insight.md (5,131 bytes)
  [ok] 2016-04-11-29-insight.md (2,045 bytes)
  [ok] 2016-04-14-30-insight.md (5,229 bytes)
  [ok] 2016-04-26-33-insight.md (3,875 bytes)
  [ok] 2016-04-26-34-insight.md (3,084 bytes)
  [ok] 2016-05-10-36-insight.md (3,229 bytes)
  [ok] 2016-05-18-40-insight.md (4,964 bytes)
  [ok] 2016-05-18-41-insight.md (4,140 bytes)
  [ok] 2016-05-20-43-insight.md (4,103 bytes)
  [ok] 2016-07-20-45-insight.md (4,029 bytes)
  [ok] 2016-08-04-48-insight.md (4,994 bytes)
  [ok] 2017-04-30-50-insight.md (4,494 bytes)
  [ok] 2017-05-01-51-insight.md (2,685 bytes)
  [ok] 2017-05-11-52-insight.md (3,222 bytes)
  [ok] 2017-05-18-53-insight.md (4,248 bytes)
  [ok] 2017-09-17-59-insight.md (5,129 bytes)
  [ok] 2017-09-24-60-insight.md (4,177 bytes)
  [ok] 2017-12-09-64-insight.md (4,485 bytes)
  [ok] 2018-02-28-70-insight.md (3,136 bytes)
  [ok] 2018-05-27-71-insight.md (5,095 bytes)
  [ok] 2018-06-10-72-insight.md (5,406 bytes)
  [ok] 2018-07-16-73-insight.md (4,323 bytes)
  [ok] 2018-10-17-75-insight.md (4,077 bytes)
  [ok] 2019-01-02-77-insight.md (5,332 bytes)
  [ok] 2019-01-02-78-insight.md (4,316 bytes)
  [ok] 2019-07-23-83-insight.md (4,353 bytes)
  [ok] 2019-08-25-85-insight.md (3,416 bytes)
  [ok] 2019-08-25-86-insight.md (3,881 bytes)
  [ok] 2021-01-18-94-insight.md (5,264 bytes)
  [ok] 2021-01-19-95-insight.md (5,909 bytes)
  [ok] 2021-06-15-99-insight.md (3,194 bytes)
  [ok] 2021-09-05-102-insight.md (4,015 bytes)
  [ok] 2022-02-28-104-insight.md (3,676 bytes)
  [ok] 2023-08-15-112-insight.md (4,249 bytes)
  [ok] 2023-08-21-114-insight.md (5,133 bytes)
  [ok] 2023-08-29-116-insight.md (5,862 bytes)
  [ok] 2023-11-26-125-insight.md (5,066 bytes)
  [ok] 2024-02-08-133-insight.md (5,833 bytes)

ExtractInsights 완료 — programmingzombie
  성공: 130
  Skip (이미 존재): 43

  생성된 인사이트 파일:
    2015-11-18-1-insight.md  (5,548 bytes)
    2015-12-02-3-insight.md  (4,461 bytes)
    2015-12-11-4-insight.md  (1,373 bytes)
    2015-12-12-5-insight.md  (5,468 bytes)
    2015-12-14-6-insight.md  (2,552 bytes)
    2015-12-15-7-insight.md  (1,977 bytes)
    2015-12-22-8-insight.md  (2,819 bytes)
    2016-01-04-9-insight.md  (3,834 bytes)
    2016-01-05-10-insight.md  (2,787 bytes)
    2016-01-07-11-insight.md  (3,616 bytes)
    2016-01-22-12-insight.md  (1,535 bytes)
    2016-01-23-13-insight.md  (3,174 bytes)
    2016-02-04-14-insight.md  (6,301 bytes)
    2016-02-11-15-insight.md  (3,549 bytes)
    2016-02-15-17-insight.md  (4,909 bytes)
    2016-02-15-18-insight.md  (2,828 bytes)
    2016-03-02-19-insight.md  (4,168 bytes)
    2016-03-02-20-insight.md  (6,171 bytes)
    2016-03-04-21-insight.md  (4,929 bytes)
    2016-03-08-22-insight.md  (6,347 bytes)
    2016-03-10-23-insight.md  (6,262 bytes)
    2016-03-18-24-insight.md  (3,072 bytes)
    2016-03-23-25-insight.md  (2,181 bytes)
    2016-03-23-26-insight.md  (6,434 bytes)
    2016-04-06-27-insight.md  (4,207 bytes)
    2016-04-11-28-insight.md  (5,131 bytes)
    2016-04-11-29-insight.md  (2,045 bytes)
    2016-04-14-30-insight.md  (5,229 bytes)
    2016-04-20-31-insight.md  (2,116 bytes)
    2016-04-26-32-insight.md  (2,277 bytes)
    2016-04-26-33-insight.md  (3,875 bytes)
    2016-04-26-34-insight.md  (3,084 bytes)
    2016-04-26-35-insight.md  (2,813 bytes)
    2016-05-10-36-insight.md  (3,229 bytes)
    2016-05-14-37-insight.md  (3,281 bytes)
    2016-05-17-38-insight.md  (2,941 bytes)
    2016-05-18-40-insight.md  (4,964 bytes)
    2016-05-18-41-insight.md  (4,140 bytes)
    2016-05-20-42-insight.md  (2,161 bytes)
    2016-05-20-43-insight.md  (4,103 bytes)
    2016-07-05-44-insight.md  (4,876 bytes)
    2016-07-20-45-insight.md  (4,029 bytes)
    2016-07-27-46-insight.md  (5,274 bytes)
    2016-08-02-47-insight.md  (2,240 bytes)
    2016-08-04-48-insight.md  (4,994 bytes)
    2017-04-30-50-insight.md  (4,494 bytes)
    2017-05-01-51-insight.md  (2,685 bytes)
    2017-05-11-52-insight.md  (3,222 bytes)
    2017-05-18-53-insight.md  (4,248 bytes)
    2017-05-26-54-insight.md  (7,427 bytes)
    2017-06-16-57-insight.md  (4,285 bytes)
    2017-06-26-58-insight.md  (4,472 bytes)
    2017-09-17-59-insight.md  (5,129 bytes)
    2017-09-24-60-insight.md  (4,177 bytes)
    2017-10-02-61-insight.md  (3,460 bytes)
    2017-10-19-62-insight.md  (6,794 bytes)
    2017-11-20-63-insight.md  (6,173 bytes)
    2017-12-09-64-insight.md  (4,485 bytes)
    2017-12-30-65-insight.md  (8,580 bytes)
    2018-01-21-66-insight.md  (3,529 bytes)
    2018-02-13-67-insight.md  (4,352 bytes)
    2018-02-18-68-insight.md  (4,879 bytes)
    2018-02-24-69-insight.md  (4,422 bytes)
    2018-02-28-70-insight.md  (3,136 bytes)
    2018-05-27-71-insight.md  (5,095 bytes)
    2018-06-10-72-insight.md  (5,406 bytes)
    2018-07-16-73-insight.md  (4,323 bytes)
    2018-10-04-74-insight.md  (7,662 bytes)
    2018-10-17-75-insight.md  (4,077 bytes)
    2018-12-31-76-insight.md  (7,784 bytes)
    2019-01-02-77-insight.md  (5,332 bytes)
    2019-01-02-78-insight.md  (4,316 bytes)
    2019-03-21-79-insight.md  (5,552 bytes)
    2019-06-27-80-insight.md  (2,938 bytes)
    2019-07-10-81-insight.md  (6,127 bytes)
    2019-07-10-82-insight.md  (3,732 bytes)
    2019-07-23-83-insight.md  (4,353 bytes)
    2019-08-07-84-insight.md  (7,866 bytes)
    2019-08-25-85-insight.md  (3,416 bytes)
    2019-08-25-86-insight.md  (3,881 bytes)
    2020-01-11-87-insight.md  (2,766 bytes)
    2020-01-11-88-insight.md  (4,165 bytes)
    2020-01-15-89-insight.md  (2,753 bytes)
    2020-02-12-90-insight.md  (2,532 bytes)
    2020-07-21-91-insight.md  (4,959 bytes)
    2020-09-02-92-insight.md  (5,384 bytes)
    2020-12-13-93-insight.md  (4,852 bytes)
    2021-01-18-94-insight.md  (5,264 bytes)
    2021-01-19-95-insight.md  (5,909 bytes)
    2021-01-29-96-insight.md  (3,034 bytes)
    2021-02-22-97-insight.md  (3,393 bytes)
    2021-05-14-98-insight.md  (5,922 bytes)
    2021-06-15-99-insight.md  (3,194 bytes)
    2021-07-21-100-insight.md  (2,715 bytes)
    2021-07-22-101-insight.md  (8,085 bytes)
    2021-09-05-102-insight.md  (4,015 bytes)
    2022-02-28-103-insight.md  (4,288 bytes)
    2022-02-28-104-insight.md  (3,676 bytes)
    2022-08-29-105-insight.md  (5,472 bytes)
    2023-02-07-106-insight.md  (8,229 bytes)
    2023-07-14-107-insight.md  (4,036 bytes)
    2023-07-15-108-insight.md  (5,590 bytes)
    2023-07-24-109-insight.md  (4,772 bytes)
    2023-08-01-110-insight.md  (4,280 bytes)
    2023-08-01-111-insight.md  (5,842 bytes)
    2023-08-15-112-insight.md  (4,249 bytes)
    2023-08-21-113-insight.md  (3,457 bytes)
    2023-08-21-114-insight.md  (5,133 bytes)
    2023-08-22-115-insight.md  (4,808 bytes)
    2023-08-29-116-insight.md  (5,862 bytes)
    2023-09-01-117-insight.md  (5,459 bytes)
    2023-09-06-118-insight.md  (3,234 bytes)
    2023-10-11-119-insight.md  (4,807 bytes)
    2023-10-13-120-insight.md  (4,521 bytes)
    2023-10-16-121-insight.md  (5,430 bytes)
    2023-10-16-122-insight.md  (4,580 bytes)
    2023-10-29-123-insight.md  (6,985 bytes)
    2023-11-25-124-insight.md  (6,133 bytes)
    2023-11-26-125-insight.md  (5,066 bytes)
    2023-11-29-126-insight.md  (4,087 bytes)
    2023-12-09-127-insight.md  (9,457 bytes)
    2023-12-13-128-insight.md  (6,085 bytes)
    2023-12-31-129-insight.md  (6,292 bytes)
    2024-01-03-130-insight.md  (9,949 bytes)
    2024-01-24-131-insight.md  (6,774 bytes)
    2024-02-06-132-insight.md  (7,951 bytes)
    2024-02-08-133-insight.md  (5,833 bytes)
    2024-02-13-134-insight.md  (5,991 bytes)
    2024-02-17-135-insight.md  (5,279 bytes)
    2024-02-25-136-insight.md  (4,829 bytes)
    2024-03-15-137-insight.md  (4,116 bytes)
    2024-06-14-138-insight.md  (10,323 bytes)
    2024-06-24-139-insight.md  (4,816 bytes)
    2024-07-03-140-insight.md  (5,023 bytes)
    2024-07-05-141-insight.md  (6,395 bytes)
    2024-07-24-143-insight.md  (6,938 bytes)
    2024-07-29-144-insight.md  (5,441 bytes)
    2024-08-06-145-insight.md  (6,172 bytes)
    2024-08-22-147-insight.md  (3,582 bytes)
    2024-08-30-148-insight.md  (4,567 bytes)
    2024-09-03-149-insight.md  (6,756 bytes)
    2024-09-12-150-insight.md  (4,545 bytes)
    2024-09-23-151-insight.md  (4,486 bytes)
    2024-11-08-152-insight.md  (5,302 bytes)
    2024-11-15-153-insight.md  (2,784 bytes)
    2024-11-17-154-insight.md  (3,856 bytes)
    2024-11-28-155-insight.md  (7,882 bytes)
    2024-12-17-156-insight.md  (4,672 bytes)
    2024-12-30-157-insight.md  (5,270 bytes)
    2025-01-01-158-insight.md  (8,799 bytes)
    2025-01-07-159-insight.md  (6,530 bytes)
    2025-01-22-160-insight.md  (5,215 bytes)
    2025-02-09-161-insight.md  (5,002 bytes)
    2025-02-15-162-insight.md  (8,599 bytes)
    2025-02-21-163-insight.md  (5,589 bytes)
    2025-03-31-166-insight.md  (3,830 bytes)
    2025-04-02-167-insight.md  (4,241 bytes)
    2025-04-17-168-insight.md  (6,256 bytes)
    2025-04-21-169-insight.md  (4,907 bytes)
    2025-05-19-171-insight.md  (7,989 bytes)
    2025-06-11-172-insight.md  (4,407 bytes)
    2025-07-02-173-insight.md  (4,993 bytes)
    2025-07-28-174-insight.md  (7,008 bytes)
    2025-08-06-175-insight.md  (4,739 bytes)
    2025-08-20-176-insight.md  (4,329 bytes)
    2025-08-24-177-insight.md  (5,358 bytes)
    2025-09-25-178-insight.md  (7,553 bytes)
    2025-10-20-179-insight.md  (4,632 bytes)
    2025-12-18-180-insight.md  (7,065 bytes)
    2025-12-25-181-insight.md  (4,908 bytes)
    2026-01-15-182-insight.md  (4,300 bytes)
    2026-02-21-183-insight.md  (7,322 bytes)
    2026-02-21-184-insight.md  (4,585 bytes)
